Request method:	GET
Request URI:	https://postman-echo.com/get
Proxy:			<none>
Request params:	<none>
Query params:	<none>
Form params:	<none>
Path params:	<none>
Headers:		Accept=*/*
Cookies:		<none>
Multiparts:		<none>
Body:			<none>
HTTP/1.1 200 OK
Date: Tue, 27 Feb 2024 15:59:01 GMT
Content-Type: application/json; charset=utf-8
Content-Length: 360
Connection: keep-alive
ETag: W/"168-8G/KrJmrT+F42G6vIlAkBISlX/E"
set-cookie: sails.sid=s%3Ah57l_rSmQj1oXz-0dz4GwxeWR3E7MyYJ.KYVYxANNLmA0cXihq4LWGiej6SQOJWpyJhU%2FXy4N7Ps; Path=/; HttpOnly

{
    "args": {
        
    },
    "headers": {
        "x-forwarded-proto": "https",
        "x-forwarded-port": "443",
        "host": "postman-echo.com",
        "x-amzn-trace-id": "Root=1-65de06c5-0de4c5c635e1f6700d0206cd",
        "accept": "*/*",
        "user-agent": "Apache-HttpClient/4.5.13 (Java/17.0.9)",
        "accept-encoding": "gzip,deflate"
    },
    "url": "https://postman-echo.com/get"
}
